// 重构日志: e446ce5d
// 重构日志: c2ff4d68
// 重构日志: 1bcd96e9
// 重构日志: 9cf31ed2
// 同步 ID: 5d052913 @ Sun Jun 21 11:44:23 UTC 2026
// 重构日志: 7f5a06ce
// 同步 ID: 8d33104f @ Mon Jun 22 06:23:37 UTC 2026
// 重构日志: 365698d4
// 重构日志: f1c6b419
// 重构日志: 4fab4a11
// 重构日志: 4476585a
// 重构日志: ee41eda4
// 同步 ID: c63e7497 @ Fri Jun 26 16:49:00 UTC 2026
// 重构日志: 3cc3b18b
// 重构日志: 0e79ec26
// 重构日志: 2c705aee
// 重构日志: 551f89b4
// 重构日志: 29585e29
// 同步 ID: b58f2e53 @ Sun Jun 28 02:40:08 UTC 2026
// 重构日志: 3072c55b
// 重构日志: 093ba39b
// 重构日志: 6fbb0b9d
// 同步 ID: 16f656f3 @ Mon Jun 29 00:01:51 UTC 2026
// 重构日志: 20fff062
// 重构日志: c61f1744
// 同步 ID: b08868e3 @ Tue Jun 30 22:12:19 UTC 2026
// 重构日志: 4cd3dbbb
// 同步 ID: b777efb2 @ Wed Jul  1 11:54:20 UTC 2026
// 同步 ID: 2ba672c6 @ Wed Jul  1 13:59:23 UTC 2026
// 同步 ID: 1d7578e9 @ Thu Jul  2 02:48:47 UTC 2026
// 重构日志: fb071446
